# JRE version: OpenJDK Runtime Environment Corretto-17.0.7.7.1 (17.0.7+7) (build 17.0.7+7-LTS)
# Java VM: OpenJDK 64-Bit Server VM Corretto-17.0.7.7.1 (17.0.7+7-LTS, mixed mode, sharing, tiered, compressed oops, compressed class ptrs, g1 gc, windows-amd64)
GC Precious Log:
 CPUs: 16 total, 16 available
 Memory: 16110M
 Large Page Support: Disabled
 NUMA Support: Disabled
 Compressed Oops: Enabled (32-bit)
 Heap Region Size: 1M
 Heap Min Capacity: 256M
 Heap Initial Capacity: 256M
 Heap Max Capacity: 512M
 Pre-touch: Disabled
 Parallel Workers: 13
 Concurrent Workers: 3
 Concurrent Refinement Workers: 13
 Periodic GC: Disabled
Heap:
 garbage-first heap   total 262144K, used 93400K [0x00000000e0000000, 0x0000000100000000)
  region size 1024K, 52 young (53248K), 12 survivors (12288K)
 Metaspace       used 54191K, committed 54720K, reserved 278528K
  class space    used 7324K, committed 7552K, reserved 212992K
GC Heap History (14 events):
Event: 0.674 GC heap before
{Heap before GC invocations=0 (full 0):
 garbage-first heap   total 262144K, used 28672K [0x00000000e0000000, 0x0000000100000000)
  region size 1024K, 23 young (23552K), 0 survivors (0K)
 Metaspace       used 3016K, committed 3200K, reserved 278528K
  class space    used 382K, committed 448K, reserved 212992K
}
Event: 0.681 GC heap after
{Heap after GC invocations=1 (full 0):
 garbage-first heap   total 262144K, used 8965K [0x00000000e0000000, 0x0000000100000000)
  region size 1024K, 3 young (3072K), 3 survivors (3072K)
 Metaspace       used 3016K, committed 3200K, reserved 278528K
  class space    used 382K, committed 448K, reserved 212992K
}
Event: 1.004 GC heap before
{Heap before GC invocations=1 (full 0):
 garbage-first heap   total 262144K, used 38661K [0x00000000e0000000, 0x0000000100000000)
  region size 1024K, 31 young (31744K), 3 survivors (3072K)
 Metaspace       used 3963K, committed 4160K, reserved 278528K
  class space    used 478K, committed 576K, reserved 212992K
}
Event: 1.007 GC heap after
{Heap after GC invocations=2 (full 0):
 garbage-first heap   total 262144K, used 13089K [0x00000000e0000000, 0x0000000100000000)
  region size 1024K, 4 young (4096K), 4 survivors (4096K)
 Metaspace       used 3963K, committed 4160K, reserved 278528K
  class space    used 478K, committed 576K, reserved 212992K
}
Event: 3.191 GC heap before
{Heap before GC invocations=2 (full 0):
 garbage-first heap   total 262144K, used 116513K [0x00000000e0000000, 0x0000000100000000)
  region size 1024K, 106 young (108544K), 4 survivors (4096K)
 Metaspace       used 21294K, committed 21504K, reserved 278528K
  class space    used 3164K, committed 3264K, reserved 212992K
}
Event: 3.201 GC heap after
{Heap after GC invocations=3 (full 0):
 garbage-first heap   total 262144K, used 20534K [0x00000000e0000000, 0x0000000100000000)
  region size 1024K, 12 young (12288K), 12 survivors (12288K)
 Metaspace       used 21294K, committed 21504K, reserved 278528K
  class space    used 3164K, committed 3264K, reserved 212992K
}
Event: 5.003 GC heap before
{Heap before GC invocations=4 (full 0):
 garbage-first heap   total 262144K, used 123958K [0x00000000e0000000, 0x0000000100000000)
  region size 1024K, 111 young (113664K), 12 survivors (12288K)
 Metaspace       used 35639K, committed 35968K, reserved 278528K
  class space    used 4879K, committed 5056K, reserved 212992K
}
Event: 5.023 GC heap after
{Heap after GC invocations=5 (full 0):
 garbage-first heap   total 262144K, used 30177K [0x00000000e0000000, 0x0000000100000000)
  region size 1024K, 17 young (17408K), 17 survivors (17408K)
 Metaspace       used 35639K, committed 35968K, reserved 278528K
  class space    used 4879K, committed 5056K, reserved 212992K
}
Event: 7.316 GC heap before
{Heap before GC invocations=6 (full 0):
 garbage-first heap   total 262144K, used 166369K [0x00000000e0000000, 0x0000000100000000)
  region size 1024K, 150 young (153600K), 17 survivors (17408K)
 Metaspace       used 48214K, committed 48704K, reserved 278528K
  class space    used 6794K, committed 7040K, reserved 212992K
}
Event: 7.338 GC heap after
{Heap after GC invocations=7 (full 0):
 garbage-first heap   total 262144K, used 42096K [0x00000000e0000000, 0x0000000100000000)
  region size 1024K, 19 young (19456K), 19 survivors (19456K)
 Metaspace       used 48214K, committed 48704K, reserved 278528K
  class space    used 6794K, committed 7040K, reserved 212992K
}
Event: 9.447 GC heap before
{Heap before GC invocations=7 (full 0):
 garbage-first heap   total 262144K, used 182384K [0x00000000e0000000, 0x0000000100000000)
  region size 1024K, 153 young (156672K), 19 survivors (19456K)
 Metaspace       used 51588K, committed 52096K, reserved 278528K
  class space    used 7110K, committed 7360K, reserved 212992K
}
Event: 9.459 GC heap after
{Heap after GC invocations=8 (full 0):
 garbage-first heap   total 262144K, used 47226K [0x00000000e0000000, 0x0000000100000000)
  region size 1024K, 16 young (16384K), 16 survivors (16384K)
 Metaspace       used 51588K, committed 52096K, reserved 278528K
  class space    used 7110K, committed 7360K, reserved 212992K
}
Event: 918.090 GC heap before
{Heap before GC invocations=8 (full 0):
 garbage-first heap   total 262144K, used 190586K [0x00000000e0000000, 0x0000000100000000)
  region size 1024K, 153 young (156672K), 16 survivors (16384K)
 Metaspace       used 53729K, committed 54272K, reserved 278528K
  class space    used 7287K, committed 7552K, reserved 212992K
}
Event: 918.100 GC heap after
{Heap after GC invocations=9 (full 0):
 garbage-first heap   total 262144K, used 53464K [0x00000000e0000000, 0x0000000100000000)
  region size 1024K, 12 young (12288K), 12 survivors (12288K)
 Metaspace       used 53729K, committed 54272K, reserved 278528K
  class space    used 7287K, committed 7552K, reserved 212992K
}

